# JRE version: OpenJDK Runtime Environment (8.0_76-b03) (build 1.8.0_76-release-b03)
# Java VM: OpenJDK 64-Bit Server VM (25.76-b03 mixed mode linux-amd64 compressed oops)
Heap:
 PSYoungGen      total 424960K, used 0K [0x00000000e0000000, 0x0000000100000000, 0x0000000100000000)
  eden space 363520K, 0% used [0x00000000e0000000,0x00000000e0000000,0x00000000f6300000)
  from space 61440K, 0% used [0x00000000f6300000,0x00000000f6300000,0x00000000f9f00000)
  to   space 83968K, 0% used [0x00000000fae00000,0x00000000fae00000,0x0000000100000000)
 ParOldGen       total 105984K, used 93112K [0x00000000a0000000, 0x00000000a6780000, 0x00000000e0000000)
  object space 105984K, 87% used [0x00000000a0000000,0x00000000a5aee210,0x00000000a6780000)
 Metaspace       used 71906K, capacity 76792K, committed 76928K, reserved 1116160K
  class space    used 8889K, capacity 9743K, committed 9856K, reserved 1048576K
GC Heap History (10 events):
Event: 2359,168 GC heap after
Heap after GC invocations=42 (full 11):
 PSYoungGen      total 354304K, used 10747K [0x00000000e0000000, 0x00000000f7f00000, 0x0000000100000000)
  eden space 327680K, 0% used [0x00000000e0000000,0x00000000e0000000,0x00000000f4000000)
  from space 26624K, 40% used [0x00000000f4000000,0x00000000f4a7ee60,0x00000000f5a00000)
  to   space 25600K, 0% used [0x00000000f6600000,0x00000000f6600000,0x00000000f7f00000)
 ParOldGen       total 105472K, used 32290K [0x00000000a0000000, 0x00000000a6700000, 0x00000000e0000000)
  object space 105472K, 30% used [0x00000000a0000000,0x00000000a1f88830,0x00000000a6700000)
 Metaspace       used 71108K, capacity 75998K, committed 76288K, reserved 1116160K
  class space    used 8835K, capacity 9675K, committed 9728K, reserved 1048576K
}
Event: 2360,825 GC heap before
{Heap before GC invocations=43 (full 11):
 PSYoungGen      total 354304K, used 338427K [0x00000000e0000000, 0x00000000f7f00000, 0x0000000100000000)
  eden space 327680K, 100% used [0x00000000e0000000,0x00000000f4000000,0x00000000f4000000)
  from space 26624K, 40% used [0x00000000f4000000,0x00000000f4a7ee60,0x00000000f5a00000)
  to   space 25600K, 0% used [0x00000000f6600000,0x00000000f6600000,0x00000000f7f00000)
 ParOldGen       total 105472K, used 32290K [0x00000000a0000000, 0x00000000a6700000, 0x00000000e0000000)
  object space 105472K, 30% used [0x00000000a0000000,0x00000000a1f88830,0x00000000a6700000)
 Metaspace       used 71704K, capacity 76606K, committed 76928K, reserved 1116160K
  class space    used 8885K, capacity 9744K, committed 9856K, reserved 1048576K
Event: 2360,998 GC heap after
Heap after GC invocations=43 (full 11):
 PSYoungGen      total 353792K, used 25598K [0x00000000e0000000, 0x00000000fba80000, 0x0000000100000000)
  eden space 328192K, 0% used [0x00000000e0000000,0x00000000e0000000,0x00000000f4080000)
  from space 25600K, 99% used [0x00000000f6600000,0x00000000f7eff858,0x00000000f7f00000)
  to   space 38400K, 0% used [0x00000000f4080000,0x00000000f4080000,0x00000000f6600000)
 ParOldGen       total 105472K, used 54829K [0x00000000a0000000, 0x00000000a6700000, 0x00000000e0000000)
  object space 105472K, 51% used [0x00000000a0000000,0x00000000a358b6e0,0x00000000a6700000)
 Metaspace       used 71704K, capacity 76606K, committed 76928K, reserved 1116160K
  class space    used 8885K, capacity 9744K, committed 9856K, reserved 1048576K
}
Event: 2362,710 GC heap before
{Heap before GC invocations=44 (full 11):
 PSYoungGen      total 353792K, used 353790K [0x00000000e0000000, 0x00000000fba80000, 0x0000000100000000)
  eden space 328192K, 100% used [0x00000000e0000000,0x00000000f4080000,0x00000000f4080000)
  from space 25600K, 99% used [0x00000000f6600000,0x00000000f7eff858,0x00000000f7f00000)
  to   space 38400K, 0% used [0x00000000f4080000,0x00000000f4080000,0x00000000f6600000)
 ParOldGen       total 105472K, used 54829K [0x00000000a0000000, 0x00000000a6700000, 0x00000000e0000000)
  object space 105472K, 51% used [0x00000000a0000000,0x00000000a358b6e0,0x00000000a6700000)
 Metaspace       used 71827K, capacity 76734K, committed 76928K, reserved 1116160K
  class space    used 8889K, capacity 9744K, committed 9856K, reserved 1048576K
Event: 2362,869 GC heap after
Heap after GC invocations=44 (full 11):
 PSYoungGen      total 366592K, used 38383K [0x00000000e0000000, 0x00000000fcf80000, 0x0000000100000000)
  eden space 328192K, 0% used [0x00000000e0000000,0x00000000e0000000,0x00000000f4080000)
  from space 38400K, 99% used [0x00000000f4080000,0x00000000f65fbe20,0x00000000f6600000)
  to   space 49664K, 0% used [0x00000000f9f00000,0x00000000f9f00000,0x00000000fcf80000)
 ParOldGen       total 105472K, used 67271K [0x00000000a0000000, 0x00000000a6700000, 0x00000000e0000000)
  object space 105472K, 63% used [0x00000000a0000000,0x00000000a41b1e18,0x00000000a6700000)
 Metaspace       used 71827K, capacity 76734K, committed 76928K, reserved 1116160K
  class space    used 8889K, capacity 9744K, committed 9856K, reserved 1048576K
}
Event: 2364,511 GC heap before
{Heap before GC invocations=45 (full 11):
 PSYoungGen      total 366592K, used 366575K [0x00000000e0000000, 0x00000000fcf80000, 0x0000000100000000)
  eden space 328192K, 100% used [0x00000000e0000000,0x00000000f4080000,0x00000000f4080000)
  from space 38400K, 99% used [0x00000000f4080000,0x00000000f65fbe20,0x00000000f6600000)
  to   space 49664K, 0% used [0x00000000f9f00000,0x00000000f9f00000,0x00000000fcf80000)
 ParOldGen       total 105472K, used 67271K [0x00000000a0000000, 0x00000000a6700000, 0x00000000e0000000)
  object space 105472K, 63% used [0x00000000a0000000,0x00000000a41b1e18,0x00000000a6700000)
 Metaspace       used 71894K, capacity 76798K, committed 76928K, reserved 1116160K
  class space    used 8889K, capacity 9744K, committed 9856K, reserved 1048576K
Event: 2364,751 GC heap after
Heap after GC invocations=45 (full 11):
 PSYoungGen      total 413184K, used 49633K [0x00000000e0000000, 0x00000000ff080000, 0x0000000100000000)
  eden space 363520K, 0% used [0x00000000e0000000,0x00000000e0000000,0x00000000f6300000)
  from space 49664K, 99% used [0x00000000f9f00000,0x00000000fcf78438,0x00000000fcf80000)
  to   space 61440K, 0% used [0x00000000f6300000,0x00000000f6300000,0x00000000f9f00000)
 ParOldGen       total 105472K, used 74792K [0x00000000a0000000, 0x00000000a6700000, 0x00000000e0000000)
  object space 105472K, 70% used [0x00000000a0000000,0x00000000a490a230,0x00000000a6700000)
 Metaspace       used 71894K, capacity 76798K, committed 76928K, reserved 1116160K
  class space    used 8889K, capacity 9744K, committed 9856K, reserved 1048576K
}
Event: 2366,296 GC heap before
{Heap before GC invocations=46 (full 11):
 PSYoungGen      total 413184K, used 413153K [0x00000000e0000000, 0x00000000ff080000, 0x0000000100000000)
  eden space 363520K, 100% used [0x00000000e0000000,0x00000000f6300000,0x00000000f6300000)
  from space 49664K, 99% used [0x00000000f9f00000,0x00000000fcf78438,0x00000000fcf80000)
  to   space 61440K, 0% used [0x00000000f6300000,0x00000000f6300000,0x00000000f9f00000)
 ParOldGen       total 105472K, used 74792K [0x00000000a0000000, 0x00000000a6700000, 0x00000000e0000000)
  object space 105472K, 70% used [0x00000000a0000000,0x00000000a490a230,0x00000000a6700000)
 Metaspace       used 71908K, capacity 76798K, committed 76928K, reserved 1116160K
  class space    used 8890K, capacity 9744K, committed 9856K, reserved 1048576K
Event: 2366,601 GC heap after
Heap after GC invocations=46 (full 11):
 PSYoungGen      total 424960K, used 61433K [0x00000000e0000000, 0x0000000100000000, 0x0000000100000000)
  eden space 363520K, 0% used [0x00000000e0000000,0x00000000e0000000,0x00000000f6300000)
  from space 61440K, 99% used [0x00000000f6300000,0x00000000f9efe408,0x00000000f9f00000)
  to   space 83968K, 0% used [0x00000000fae00000,0x00000000fae00000,0x0000000100000000)
 ParOldGen       total 105984K, used 105747K [0x00000000a0000000, 0x00000000a6780000, 0x00000000e0000000)
  object space 105984K, 99% used [0x00000000a0000000,0x00000000a6744da8,0x00000000a6780000)
 Metaspace       used 71908K, capacity 76798K, committed 76928K, reserved 1116160K
  class space    used 8890K, capacity 9744K, committed 9856K, reserved 1048576K
}
Event: 2366,602 GC heap before
{Heap before GC invocations=47 (full 12):
 PSYoungGen      total 424960K, used 61433K [0x00000000e0000000, 0x0000000100000000, 0x0000000100000000)
  eden space 363520K, 0% used [0x00000000e0000000,0x00000000e0000000,0x00000000f6300000)
  from space 61440K, 99% used [0x00000000f6300000,0x00000000f9efe408,0x00000000f9f00000)
  to   space 83968K, 0% used [0x00000000fae00000,0x00000000fae00000,0x0000000100000000)
 ParOldGen       total 105984K, used 105747K [0x00000000a0000000, 0x00000000a6780000, 0x00000000e0000000)
  object space 105984K, 99% used [0x00000000a0000000,0x00000000a6744da8,0x00000000a6780000)
 Metaspace       used 71908K, capacity 76798K, committed 76928K, reserved 1116160K
  class space    used 8890K, capacity 9744K, committed 9856K, reserved 1048576K

